{"C:\\Users\\HP\\Documents\\Mobile\\SalonNow\\app\\(tabs)\\home.tsx": {"path":"C:\\Users\\HP\\Documents\\Mobile\\SalonNow\\app\\(tabs)\\home.tsx","statementMap":{"0":{"start":{"line":32,"column":24},"end":{"line":42,"column":1}},"1":{"start":{"line":33,"column":17},"end":{"line":33,"column":44}},"2":{"start":{"line":36,"column":2},"end":{"line":36,"column":59}},"3":{"start":{"line":36,"column":32},"end":{"line":36,"column":57}},"4":{"start":{"line":39,"column":2},"end":{"line":39,"column":53}},"5":{"start":{"line":39,"column":26},"end":{"line":39,"column":51}},"6":{"start":{"line":41,"column":2},"end":{"line":41,"column":37}},"7":{"start":{"line":44,"column":25},"end":{"line":54,"column":1}},"8":{"start":{"line":45,"column":17},"end":{"line":45,"column":43}},"9":{"start":{"line":48,"column":2},"end":{"line":48,"column":59}},"10":{"start":{"line":48,"column":32},"end":{"line":48,"column":57}},"11":{"start":{"line":51,"column":2},"end":{"line":51,"column":53}},"12":{"start":{"line":51,"column":26},"end":{"line":51,"column":51}},"13":{"start":{"line":53,"column":2},"end":{"line":53,"column":37}},"14":{"start":{"line":57,"column":17},"end":{"line":57,"column":36}},"15":{"start":{"line":58,"column":31},"end":{"line":58,"column":40}},"16":{"start":{"line":61,"column":38},"end":{"line":61,"column":75}},"17":{"start":{"line":62,"column":40},"end":{"line":62,"column":72}},"18":{"start":{"line":65,"column":2},"end":{"line":102,"column":9}},"19":{"start":{"line":66,"column":22},"end":{"line":99,"column":5}},"20":{"start":{"line":67,"column":6},"end":{"line":98,"column":7}},"21":{"start":{"line":69,"column":33},"end":{"line":69,"column":66}},"22":{"start":{"line":70,"column":8},"end":{"line":78,"column":9}},"23":{"start":{"line":71,"column":32},"end":{"line":75,"column":13}},"24":{"start":{"line":71,"column":73},"end":{"line":75,"column":11}},"25":{"start":{"line":77,"column":10},"end":{"line":77,"column":73}},"26":{"start":{"line":82,"column":32},"end":{"line":82,"column":62}},"27":{"start":{"line":83,"column":8},"end":{"line":93,"column":9}},"28":{"start":{"line":84,"column":33},"end":{"line":90,"column":13}},"29":{"start":{"line":84,"column":73},"end":{"line":90,"column":11}},"30":{"start":{"line":92,"column":10},"end":{"line":92,"column":72}},"31":{"start":{"line":96,"column":8},"end":{"line":96,"column":58}},"32":{"start":{"line":101,"column":4},"end":{"line":101,"column":16}},"33":{"start":{"line":104,"column":18},"end":{"line":104,"column":29}},"34":{"start":{"line":105,"column":30},"end":{"line":107,"column":3}},"35":{"start":{"line":106,"column":4},"end":{"line":106,"column":49}},"36":{"start":{"line":109,"column":32},"end":{"line":111,"column":3}},"37":{"start":{"line":110,"column":4},"end":{"line":110,"column":44}},"38":{"start":{"line":113,"column":29},"end":{"line":115,"column":3}},"39":{"start":{"line":114,"column":4},"end":{"line":114,"column":35}},"40":{"start":{"line":117,"column":27},"end":{"line":120,"column":3}},"41":{"start":{"line":119,"column":4},"end":{"line":119,"column":47}},"42":{"start":{"line":122,"column":26},"end":{"line":124,"column":3}},"43":{"start":{"line":123,"column":4},"end":{"line":123,"column":35}},"44":{"start":{"line":126,"column":2},"end":{"line":290,"column":4}},"45":{"start":{"line":140,"column":29},"end":{"line":140,"column":60}},"46":{"start":{"line":163,"column":37},"end":{"line":163,"column":63}},"47":{"start":{"line":243,"column":14},"end":{"line":249,"column":21}},"48":{"start":{"line":247,"column":33},"end":{"line":247,"column":65}},"49":{"start":{"line":274,"column":14},"end":{"line":281,"column":16}}},"fnMap":{"0":{"name":"(anonymous_0)","decl":{"start":{"line":32,"column":24},"end":{"line":32,"column":25}},"loc":{"start":{"line":32,"column":88},"end":{"line":42,"column":1}},"line":32},"1":{"name":"(anonymous_1)","decl":{"start":{"line":36,"column":24},"end":{"line":36,"column":25}},"loc":{"start":{"line":36,"column":32},"end":{"line":36,"column":57}},"line":36},"2":{"name":"(anonymous_2)","decl":{"start":{"line":39,"column":18},"end":{"line":39,"column":19}},"loc":{"start":{"line":39,"column":26},"end":{"line":39,"column":51}},"line":39},"3":{"name":"(anonymous_3)","decl":{"start":{"line":44,"column":25},"end":{"line":44,"column":26}},"loc":{"start":{"line":44,"column":86},"end":{"line":54,"column":1}},"line":44},"4":{"name":"(anonymous_4)","decl":{"start":{"line":48,"column":24},"end":{"line":48,"column":25}},"loc":{"start":{"line":48,"column":32},"end":{"line":48,"column":57}},"line":48},"5":{"name":"(anonymous_5)","decl":{"start":{"line":51,"column":18},"end":{"line":51,"column":19}},"loc":{"start":{"line":51,"column":26},"end":{"line":51,"column":51}},"line":51},"6":{"name":"HomeScreen","decl":{"start":{"line":56,"column":24},"end":{"line":56,"column":34}},"loc":{"start":{"line":56,"column":37},"end":{"line":291,"column":1}},"line":56},"7":{"name":"(anonymous_7)","decl":{"start":{"line":65,"column":12},"end":{"line":65,"column":13}},"loc":{"start":{"line":65,"column":18},"end":{"line":102,"column":3}},"line":65},"8":{"name":"(anonymous_8)","decl":{"start":{"line":66,"column":22},"end":{"line":66,"column":23}},"loc":{"start":{"line":66,"column":34},"end":{"line":99,"column":5}},"line":66},"9":{"name":"(anonymous_9)","decl":{"start":{"line":71,"column":58},"end":{"line":71,"column":59}},"loc":{"start":{"line":71,"column":73},"end":{"line":75,"column":11}},"line":71},"10":{"name":"(anonymous_10)","decl":{"start":{"line":84,"column":58},"end":{"line":84,"column":59}},"loc":{"start":{"line":84,"column":73},"end":{"line":90,"column":11}},"line":84},"11":{"name":"(anonymous_11)","decl":{"start":{"line":105,"column":30},"end":{"line":105,"column":31}},"loc":{"start":{"line":105,"column":54},"end":{"line":107,"column":3}},"line":105},"12":{"name":"(anonymous_12)","decl":{"start":{"line":109,"column":32},"end":{"line":109,"column":33}},"loc":{"start":{"line":109,"column":38},"end":{"line":111,"column":3}},"line":109},"13":{"name":"(anonymous_13)","decl":{"start":{"line":113,"column":29},"end":{"line":113,"column":30}},"loc":{"start":{"line":113,"column":35},"end":{"line":115,"column":3}},"line":113},"14":{"name":"(anonymous_14)","decl":{"start":{"line":117,"column":27},"end":{"line":117,"column":28}},"loc":{"start":{"line":117,"column":33},"end":{"line":120,"column":3}},"line":117},"15":{"name":"(anonymous_15)","decl":{"start":{"line":122,"column":26},"end":{"line":122,"column":27}},"loc":{"start":{"line":122,"column":32},"end":{"line":124,"column":3}},"line":122},"16":{"name":"(anonymous_16)","decl":{"start":{"line":140,"column":23},"end":{"line":140,"column":24}},"loc":{"start":{"line":140,"column":29},"end":{"line":140,"column":60}},"line":140},"17":{"name":"(anonymous_17)","decl":{"start":{"line":163,"column":31},"end":{"line":163,"column":32}},"loc":{"start":{"line":163,"column":37},"end":{"line":163,"column":63}},"line":163},"18":{"name":"(anonymous_18)","decl":{"start":{"line":242,"column":28},"end":{"line":242,"column":29}},"loc":{"start":{"line":243,"column":14},"end":{"line":249,"column":21}},"line":243},"19":{"name":"(anonymous_19)","decl":{"start":{"line":247,"column":27},"end":{"line":247,"column":28}},"loc":{"start":{"line":247,"column":33},"end":{"line":247,"column":65}},"line":247},"20":{"name":"(anonymous_20)","decl":{"start":{"line":273,"column":29},"end":{"line":273,"column":30}},"loc":{"start":{"line":274,"column":14},"end":{"line":281,"column":16}},"line":274}},"branchMap":{"0":{"loc":{"start":{"line":70,"column":8},"end":{"line":78,"column":9}},"type":"if","locations":[{"start":{"line":70,"column":8},"end":{"line":78,"column":9}},{"start":{},"end":{}}],"line":70},"1":{"loc":{"start":{"line":70,"column":12},"end":{"line":70,"column":97}},"type":"binary-expr","locations":[{"start":{"line":70,"column":12},"end":{"line":70,"column":36}},{"start":{"line":70,"column":40},"end":{"line":70,"column":61}},{"start":{"line":70,"column":65},"end":{"line":70,"column":97}}],"line":70},"2":{"loc":{"start":{"line":72,"column":16},"end":{"line":72,"column":33}},"type":"binary-expr","locations":[{"start":{"line":72,"column":16},"end":{"line":72,"column":22}},{"start":{"line":72,"column":26},"end":{"line":72,"column":33}}],"line":72},"3":{"loc":{"start":{"line":74,"column":22},"end":{"line":74,"column":79}},"type":"binary-expr","locations":[{"start":{"line":74,"column":22},"end":{"line":74,"column":31}},{"start":{"line":74,"column":35},"end":{"line":74,"column":47}},{"start":{"line":74,"column":51},"end":{"line":74,"column":79}}],"line":74},"4":{"loc":{"start":{"line":83,"column":8},"end":{"line":93,"column":9}},"type":"if","locations":[{"start":{"line":83,"column":8},"end":{"line":93,"column":9}},{"start":{},"end":{}}],"line":83},"5":{"loc":{"start":{"line":83,"column":12},"end":{"line":83,"column":94}},"type":"binary-expr","locations":[{"start":{"line":83,"column":12},"end":{"line":83,"column":35}},{"start":{"line":83,"column":39},"end":{"line":83,"column":59}},{"start":{"line":83,"column":63},"end":{"line":83,"column":94}}],"line":83},"6":{"loc":{"start":{"line":85,"column":16},"end":{"line":85,"column":33}},"type":"binary-expr","locations":[{"start":{"line":85,"column":16},"end":{"line":85,"column":22}},{"start":{"line":85,"column":26},"end":{"line":85,"column":33}}],"line":85},"7":{"loc":{"start":{"line":87,"column":22},"end":{"line":87,"column":76}},"type":"binary-expr","locations":[{"start":{"line":87,"column":22},"end":{"line":87,"column":32}},{"start":{"line":87,"column":36},"end":{"line":87,"column":48}},{"start":{"line":87,"column":52},"end":{"line":87,"column":76}}],"line":87},"8":{"loc":{"start":{"line":88,"column":20},"end":{"line":88,"column":37}},"type":"binary-expr","locations":[{"start":{"line":88,"column":20},"end":{"line":88,"column":30}},{"start":{"line":88,"column":34},"end":{"line":88,"column":37}}],"line":88},"9":{"loc":{"start":{"line":89,"column":19},"end":{"line":89,"column":34}},"type":"binary-expr","locations":[{"start":{"line":89,"column":19},"end":{"line":89,"column":28}},{"start":{"line":89,"column":32},"end":{"line":89,"column":34}}],"line":89},"10":{"loc":{"start":{"line":150,"column":17},"end":{"line":150,"column":43}},"type":"cond-expr","locations":[{"start":{"line":150,"column":27},"end":{"line":150,"column":36}},{"start":{"line":150,"column":39},"end":{"line":150,"column":43}}],"line":150},"11":{"loc":{"start":{"line":155,"column":17},"end":{"line":155,"column":57}},"type":"cond-expr","locations":[{"start":{"line":155,"column":27},"end":{"line":155,"column":34}},{"start":{"line":155,"column":37},"end":{"line":155,"column":57}}],"line":155},"12":{"loc":{"start":{"line":155,"column":37},"end":{"line":155,"column":57}},"type":"binary-expr","locations":[{"start":{"line":155,"column":37},"end":{"line":155,"column":47}},{"start":{"line":155,"column":51},"end":{"line":155,"column":57}}],"line":155},"13":{"loc":{"start":{"line":163,"column":21},"end":{"line":163,"column":84}},"type":"cond-expr","locations":[{"start":{"line":163,"column":31},"end":{"line":163,"column":63}},{"start":{"line":163,"column":66},"end":{"line":163,"column":84}}],"line":163},"14":{"loc":{"start":{"line":168,"column":31},"end":{"line":168,"column":79}},"type":"cond-expr","locations":[{"start":{"line":168,"column":41},"end":{"line":168,"column":63}},{"start":{"line":168,"column":66},"end":{"line":168,"column":79}}],"line":168},"15":{"loc":{"start":{"line":173,"column":13},"end":{"line":181,"column":13}},"type":"cond-expr","locations":[{"start":{"line":174,"column":14},"end":{"line":174,"column":59}},{"start":{"line":176,"column":14},"end":{"line":180,"column":16}}],"line":173},"16":{"loc":{"start":{"line":177,"column":31},"end":{"line":177,"column":61}},"type":"binary-expr","locations":[{"start":{"line":177,"column":31},"end":{"line":177,"column":43}},{"start":{"line":177,"column":47},"end":{"line":177,"column":61}}],"line":177}},"s":{"0":1,"1":4,"2":4,"3":12,"4":4,"5":5,"6":4,"7":1,"8":4,"9":4,"10":12,"11":4,"12":4,"13":4,"14":40,"15":40,"16":40,"17":40,"18":40,"19":32,"20":32,"21":32,"22":31,"23":4,"24":5,"25":4,"26":31,"27":31,"28":4,"29":4,"30":4,"31":1,"32":32,"33":40,"34":40,"35":1,"36":40,"37":1,"38":40,"39":1,"40":40,"41":2,"42":40,"43":1,"44":40,"45":1,"46":1,"47":125,"48":1,"49":124},"f":{"0":4,"1":12,"2":5,"3":4,"4":12,"5":4,"6":40,"7":32,"8":32,"9":5,"10":4,"11":1,"12":1,"13":1,"14":2,"15":1,"16":1,"17":1,"18":125,"19":1,"20":124},"b":{"0":[4,27],"1":[31,30,30],"2":[5,2],"3":[5,3,2],"4":[4,27],"5":[31,30,30],"6":[4,1],"7":[4,2,1],"8":[4,3],"9":[4,3],"10":[35,5],"11":[35,5],"12":[5,1],"13":[35,5],"14":[35,5],"15":[35,5],"16":[5,2]},"_coverageSchema":"1a1c01bbd47fc00a2c39e90264f33305004495a9","hash":"046cb03c164fc8438471f662c5b0f2272867f1ca"}
}
