{"E:\\temp\\SalonNow\\app\\_layout.tsx": {"path":"E:\\temp\\SalonNow\\app\\_layout.tsx","statementMap":{"0":{"start":{"line":6,"column":2},"end":{"line":13,"column":4}}},"fnMap":{"0":{"name":"RootLayout","decl":{"start":{"line":5,"column":24},"end":{"line":5,"column":34}},"loc":{"start":{"line":5,"column":37},"end":{"line":14,"column":1}},"line":5}},"branchMap":{},"s":{"0":0},"f":{"0":0},"b":{}}
,"E:\\temp\\SalonNow\\app\\index.tsx": {"path":"E:\\temp\\SalonNow\\app\\index.tsx","statementMap":{"0":{"start":{"line":8,"column":2},"end":{"line":10,"column":9}},"1":{"start":{"line":9,"column":4},"end":{"line":9,"column":28}},"2":{"start":{"line":12,"column":32},"end":{"line":28,"column":3}},"3":{"start":{"line":13,"column":4},"end":{"line":27,"column":5}},"4":{"start":{"line":14,"column":37},"end":{"line":14,"column":89}},"5":{"start":{"line":16,"column":6},"end":{"line":22,"column":7}},"6":{"start":{"line":18,"column":8},"end":{"line":18,"column":39}},"7":{"start":{"line":21,"column":8},"end":{"line":21,"column":38}},"8":{"start":{"line":24,"column":6},"end":{"line":24,"column":64}},"9":{"start":{"line":26,"column":6},"end":{"line":26,"column":36}},"10":{"start":{"line":31,"column":2},"end":{"line":35,"column":4}}},"fnMap":{"0":{"name":"Index","decl":{"start":{"line":7,"column":24},"end":{"line":7,"column":29}},"loc":{"start":{"line":7,"column":32},"end":{"line":36,"column":1}},"line":7},"1":{"name":"(anonymous_1)","decl":{"start":{"line":8,"column":12},"end":{"line":8,"column":13}},"loc":{"start":{"line":8,"column":18},"end":{"line":10,"column":3}},"line":8},"2":{"name":"(anonymous_2)","decl":{"start":{"line":12,"column":32},"end":{"line":12,"column":33}},"loc":{"start":{"line":12,"column":44},"end":{"line":28,"column":3}},"line":12}},"branchMap":{"0":{"loc":{"start":{"line":16,"column":6},"end":{"line":22,"column":7}},"type":"if","locations":[{"start":{"line":16,"column":6},"end":{"line":22,"column":7}},{"start":{"line":19,"column":13},"end":{"line":22,"column":7}}],"line":16}},"s":{"0":0,"1":0,"2":0,"3":0,"4":0,"5":0,"6":0,"7":0,"8":0,"9":0,"10":0},"f":{"0":0,"1":0,"2":0},"b":{"0":[0,0]}}
,"E:\\temp\\SalonNow\\app\\onboarding.tsx": {"path":"E:\\temp\\SalonNow\\app\\onboarding.tsx","statementMap":{"0":{"start":{"line":16,"column":32},"end":{"line":16,"column":56}},"1":{"start":{"line":19,"column":22},"end":{"line":19,"column":41}},"2":{"start":{"line":20,"column":23},"end":{"line":20,"column":63}},"3":{"start":{"line":23,"column":19},"end":{"line":40,"column":1}},"4":{"start":{"line":43,"column":42},"end":{"line":43,"column":53}},"5":{"start":{"line":44,"column":22},"end":{"line":44,"column":44}},"6":{"start":{"line":46,"column":21},"end":{"line":49,"column":3}},"7":{"start":{"line":47,"column":4},"end":{"line":47,"column":67}},"8":{"start":{"line":48,"column":4},"end":{"line":48,"column":35}},"9":{"start":{"line":51,"column":21},"end":{"line":54,"column":3}},"10":{"start":{"line":52,"column":4},"end":{"line":52,"column":67}},"11":{"start":{"line":53,"column":4},"end":{"line":53,"column":35}},"12":{"start":{"line":56,"column":21},"end":{"line":62,"column":3}},"13":{"start":{"line":57,"column":4},"end":{"line":61,"column":5}},"14":{"start":{"line":58,"column":6},"end":{"line":58,"column":38}},"15":{"start":{"line":60,"column":6},"end":{"line":60,"column":19}},"16":{"start":{"line":64,"column":24},"end":{"line":70,"column":3}},"17":{"start":{"line":65,"column":4},"end":{"line":68,"column":7}},"18":{"start":{"line":69,"column":4},"end":{"line":69,"column":27}},"19":{"start":{"line":72,"column":33},"end":{"line":78,"column":11}},"20":{"start":{"line":74,"column":6},"end":{"line":76,"column":7}},"21":{"start":{"line":75,"column":8},"end":{"line":75,"column":48}},"22":{"start":{"line":80,"column":28},"end":{"line":82,"column":12}},"23":{"start":{"line":84,"column":22},"end":{"line":125,"column":3}},"24":{"start":{"line":85,"column":4},"end":{"line":124,"column":6}},"25":{"start":{"line":127,"column":24},"end":{"line":131,"column":4}},"26":{"start":{"line":127,"column":56},"end":{"line":131,"column":3}},"27":{"start":{"line":133,"column":2},"end":{"line":213,"column":4}},"28":{"start":{"line":157,"column":34},"end":{"line":157,"column":41}}},"fnMap":{"0":{"name":"OnboardingScreen","decl":{"start":{"line":42,"column":24},"end":{"line":42,"column":40}},"loc":{"start":{"line":42,"column":43},"end":{"line":214,"column":1}},"line":42},"1":{"name":"(anonymous_1)","decl":{"start":{"line":46,"column":21},"end":{"line":46,"column":22}},"loc":{"start":{"line":46,"column":33},"end":{"line":49,"column":3}},"line":46},"2":{"name":"(anonymous_2)","decl":{"start":{"line":51,"column":21},"end":{"line":51,"column":22}},"loc":{"start":{"line":51,"column":33},"end":{"line":54,"column":3}},"line":51},"3":{"name":"(anonymous_3)","decl":{"start":{"line":56,"column":21},"end":{"line":56,"column":22}},"loc":{"start":{"line":56,"column":27},"end":{"line":62,"column":3}},"line":56},"4":{"name":"(anonymous_4)","decl":{"start":{"line":64,"column":24},"end":{"line":64,"column":25}},"loc":{"start":{"line":64,"column":43},"end":{"line":70,"column":3}},"line":64},"5":{"name":"(anonymous_5)","decl":{"start":{"line":73,"column":4},"end":{"line":73,"column":5}},"loc":{"start":{"line":73,"column":59},"end":{"line":77,"column":5}},"line":73},"6":{"name":"(anonymous_6)","decl":{"start":{"line":84,"column":22},"end":{"line":84,"column":23}},"loc":{"start":{"line":84,"column":77},"end":{"line":125,"column":3}},"line":84},"7":{"name":"(anonymous_7)","decl":{"start":{"line":127,"column":24},"end":{"line":127,"column":25}},"loc":{"start":{"line":127,"column":56},"end":{"line":131,"column":3}},"line":127},"8":{"name":"(anonymous_8)","decl":{"start":{"line":157,"column":24},"end":{"line":157,"column":25}},"loc":{"start":{"line":157,"column":34},"end":{"line":157,"column":41}},"line":157}},"branchMap":{"0":{"loc":{"start":{"line":20,"column":23},"end":{"line":20,"column":63}},"type":"binary-expr","locations":[{"start":{"line":20,"column":23},"end":{"line":20,"column":41}},{"start":{"line":20,"column":45},"end":{"line":20,"column":63}}],"line":20},"1":{"loc":{"start":{"line":24,"column":25},"end":{"line":24,"column":69}},"type":"cond-expr","locations":[{"start":{"line":24,"column":41},"end":{"line":24,"column":42}},{"start":{"line":24,"column":45},"end":{"line":24,"column":69}}],"line":24},"2":{"loc":{"start":{"line":24,"column":45},"end":{"line":24,"column":69}},"type":"cond-expr","locations":[{"start":{"line":24,"column":62},"end":{"line":24,"column":64}},{"start":{"line":24,"column":67},"end":{"line":24,"column":69}}],"line":24},"3":{"loc":{"start":{"line":25,"column":16},"end":{"line":25,"column":61}},"type":"cond-expr","locations":[{"start":{"line":25,"column":32},"end":{"line":25,"column":34}},{"start":{"line":25,"column":37},"end":{"line":25,"column":61}}],"line":25},"4":{"loc":{"start":{"line":25,"column":37},"end":{"line":25,"column":61}},"type":"cond-expr","locations":[{"start":{"line":25,"column":54},"end":{"line":25,"column":56}},{"start":{"line":25,"column":59},"end":{"line":25,"column":61}}],"line":25},"5":{"loc":{"start":{"line":27,"column":14},"end":{"line":27,"column":35}},"type":"cond-expr","locations":[{"start":{"line":27,"column":30},"end":{"line":27,"column":31}},{"start":{"line":27,"column":34},"end":{"line":27,"column":35}}],"line":27},"6":{"loc":{"start":{"line":29,"column":17},"end":{"line":29,"column":62}},"type":"cond-expr","locations":[{"start":{"line":29,"column":33},"end":{"line":29,"column":35}},{"start":{"line":29,"column":38},"end":{"line":29,"column":62}}],"line":29},"7":{"loc":{"start":{"line":29,"column":38},"end":{"line":29,"column":62}},"type":"cond-expr","locations":[{"start":{"line":29,"column":55},"end":{"line":29,"column":57}},{"start":{"line":29,"column":60},"end":{"line":29,"column":62}}],"line":29},"8":{"loc":{"start":{"line":30,"column":19},"end":{"line":30,"column":64}},"type":"cond-expr","locations":[{"start":{"line":30,"column":35},"end":{"line":30,"column":37}},{"start":{"line":30,"column":40},"end":{"line":30,"column":64}}],"line":30},"9":{"loc":{"start":{"line":30,"column":40},"end":{"line":30,"column":64}},"type":"cond-expr","locations":[{"start":{"line":30,"column":57},"end":{"line":30,"column":59}},{"start":{"line":30,"column":62},"end":{"line":30,"column":64}}],"line":30},"10":{"loc":{"start":{"line":31,"column":20},"end":{"line":31,"column":65}},"type":"cond-expr","locations":[{"start":{"line":31,"column":36},"end":{"line":31,"column":38}},{"start":{"line":31,"column":41},"end":{"line":31,"column":65}}],"line":31},"11":{"loc":{"start":{"line":31,"column":41},"end":{"line":31,"column":65}},"type":"cond-expr","locations":[{"start":{"line":31,"column":58},"end":{"line":31,"column":60}},{"start":{"line":31,"column":63},"end":{"line":31,"column":65}}],"line":31},"12":{"loc":{"start":{"line":32,"column":22},"end":{"line":32,"column":67}},"type":"cond-expr","locations":[{"start":{"line":32,"column":38},"end":{"line":32,"column":40}},{"start":{"line":32,"column":43},"end":{"line":32,"column":67}}],"line":32},"13":{"loc":{"start":{"line":32,"column":43},"end":{"line":32,"column":67}},"type":"cond-expr","locations":[{"start":{"line":32,"column":60},"end":{"line":32,"column":62}},{"start":{"line":32,"column":65},"end":{"line":32,"column":67}}],"line":32},"14":{"loc":{"start":{"line":34,"column":18},"end":{"line":34,"column":63}},"type":"cond-expr","locations":[{"start":{"line":34,"column":34},"end":{"line":34,"column":36}},{"start":{"line":34,"column":39},"end":{"line":34,"column":63}}],"line":34},"15":{"loc":{"start":{"line":34,"column":39},"end":{"line":34,"column":63}},"type":"cond-expr","locations":[{"start":{"line":34,"column":56},"end":{"line":34,"column":58}},{"start":{"line":34,"column":61},"end":{"line":34,"column":63}}],"line":34},"16":{"loc":{"start":{"line":35,"column":18},"end":{"line":35,"column":63}},"type":"cond-expr","locations":[{"start":{"line":35,"column":34},"end":{"line":35,"column":36}},{"start":{"line":35,"column":39},"end":{"line":35,"column":63}}],"line":35},"17":{"loc":{"start":{"line":35,"column":39},"end":{"line":35,"column":63}},"type":"cond-expr","locations":[{"start":{"line":35,"column":56},"end":{"line":35,"column":58}},{"start":{"line":35,"column":61},"end":{"line":35,"column":63}}],"line":35},"18":{"loc":{"start":{"line":36,"column":18},"end":{"line":36,"column":63}},"type":"cond-expr","locations":[{"start":{"line":36,"column":34},"end":{"line":36,"column":36}},{"start":{"line":36,"column":39},"end":{"line":36,"column":63}}],"line":36},"19":{"loc":{"start":{"line":36,"column":39},"end":{"line":36,"column":63}},"type":"cond-expr","locations":[{"start":{"line":36,"column":56},"end":{"line":36,"column":58}},{"start":{"line":36,"column":61},"end":{"line":36,"column":63}}],"line":36},"20":{"loc":{"start":{"line":38,"column":16},"end":{"line":38,"column":61}},"type":"cond-expr","locations":[{"start":{"line":38,"column":32},"end":{"line":38,"column":34}},{"start":{"line":38,"column":37},"end":{"line":38,"column":61}}],"line":38},"21":{"loc":{"start":{"line":38,"column":37},"end":{"line":38,"column":61}},"type":"cond-expr","locations":[{"start":{"line":38,"column":54},"end":{"line":38,"column":56}},{"start":{"line":38,"column":59},"end":{"line":38,"column":61}}],"line":38},"22":{"loc":{"start":{"line":39,"column":13},"end":{"line":39,"column":58}},"type":"cond-expr","locations":[{"start":{"line":39,"column":29},"end":{"line":39,"column":31}},{"start":{"line":39,"column":34},"end":{"line":39,"column":58}}],"line":39},"23":{"loc":{"start":{"line":39,"column":34},"end":{"line":39,"column":58}},"type":"cond-expr","locations":[{"start":{"line":39,"column":51},"end":{"line":39,"column":53}},{"start":{"line":39,"column":56},"end":{"line":39,"column":58}}],"line":39},"24":{"loc":{"start":{"line":57,"column":4},"end":{"line":61,"column":5}},"type":"if","locations":[{"start":{"line":57,"column":4},"end":{"line":61,"column":5}},{"start":{"line":59,"column":11},"end":{"line":61,"column":5}}],"line":57},"25":{"loc":{"start":{"line":74,"column":6},"end":{"line":76,"column":7}},"type":"if","locations":[{"start":{"line":74,"column":6},"end":{"line":76,"column":7}},{"start":{},"end":{}}],"line":74},"26":{"loc":{"start":{"line":74,"column":10},"end":{"line":74,"column":69}},"type":"binary-expr","locations":[{"start":{"line":74,"column":10},"end":{"line":74,"column":34}},{"start":{"line":74,"column":38},"end":{"line":74,"column":69}}],"line":74},"27":{"loc":{"start":{"line":190,"column":13},"end":{"line":192,"column":22}},"type":"cond-expr","locations":[{"start":{"line":191,"column":16},"end":{"line":191,"column":29}},{"start":{"line":192,"column":16},"end":{"line":192,"column":22}}],"line":190},"28":{"loc":{"start":{"line":198,"column":11},"end":{"line":209,"column":11}},"type":"cond-expr","locations":[{"start":{"line":199,"column":12},"end":{"line":206,"column":31}},{"start":{"line":208,"column":12},"end":{"line":208,"column":20}}],"line":198}},"s":{"0":1,"1":1,"2":1,"3":1,"4":26,"5":26,"6":26,"7":2,"8":2,"9":26,"10":4,"11":4,"12":26,"13":18,"14":16,"15":2,"16":26,"17":16,"18":16,"19":26,"20":0,"21":0,"22":26,"23":26,"24":104,"25":26,"26":5,"27":26,"28":119},"f":{"0":26,"1":2,"2":4,"3":18,"4":16,"5":0,"6":104,"7":5,"8":119},"b":{"0":[1,1],"1":[0,1],"2":[0,1],"3":[0,1],"4":[0,1],"5":[0,1],"6":[0,1],"7":[0,1],"8":[0,1],"9":[0,1],"10":[0,1],"11":[0,1],"12":[0,1],"13":[0,1],"14":[0,1],"15":[0,1],"16":[0,1],"17":[0,1],"18":[0,1],"19":[0,1],"20":[0,1],"21":[0,1],"22":[0,1],"23":[0,1],"24":[16,2],"25":[0,0],"26":[0,0],"27":[5,21],"28":[21,5]},"_coverageSchema":"1a1c01bbd47fc00a2c39e90264f33305004495a9","hash":"389f07c578bd743996a7a6dbbbf79bb56aae7cc5"}
,"E:\\temp\\SalonNow\\app\\(tabs)\\_layout.tsx": {"path":"E:\\temp\\SalonNow\\app\\(tabs)\\_layout.tsx","statementMap":{"0":{"start":{"line":6,"column":2},"end":{"line":62,"column":4}},"1":{"start":{"line":30,"column":12},"end":{"line":30,"column":60}},"2":{"start":{"line":39,"column":12},"end":{"line":39,"column":64}},"3":{"start":{"line":48,"column":12},"end":{"line":48,"column":60}},"4":{"start":{"line":57,"column":12},"end":{"line":57,"column":60}}},"fnMap":{"0":{"name":"TabLayout","decl":{"start":{"line":5,"column":24},"end":{"line":5,"column":33}},"loc":{"start":{"line":5,"column":36},"end":{"line":63,"column":1}},"line":5},"1":{"name":"(anonymous_1)","decl":{"start":{"line":29,"column":22},"end":{"line":29,"column":23}},"loc":{"start":{"line":30,"column":12},"end":{"line":30,"column":60}},"line":30},"2":{"name":"(anonymous_2)","decl":{"start":{"line":38,"column":22},"end":{"line":38,"column":23}},"loc":{"start":{"line":39,"column":12},"end":{"line":39,"column":64}},"line":39},"3":{"name":"(anonymous_3)","decl":{"start":{"line":47,"column":22},"end":{"line":47,"column":23}},"loc":{"start":{"line":48,"column":12},"end":{"line":48,"column":60}},"line":48},"4":{"name":"(anonymous_4)","decl":{"start":{"line":56,"column":22},"end":{"line":56,"column":23}},"loc":{"start":{"line":57,"column":12},"end":{"line":57,"column":60}},"line":57}},"branchMap":{},"s":{"0":0,"1":0,"2":0,"3":0,"4":0},"f":{"0":0,"1":0,"2":0,"3":0,"4":0},"b":{}}
,"E:\\temp\\SalonNow\\app\\(tabs)\\bookings.tsx": {"path":"E:\\temp\\SalonNow\\app\\(tabs)\\bookings.tsx","statementMap":{"0":{"start":{"line":7,"column":2},"end":{"line":14,"column":4}}},"fnMap":{"0":{"name":"BookingsScreen","decl":{"start":{"line":6,"column":24},"end":{"line":6,"column":38}},"loc":{"start":{"line":6,"column":41},"end":{"line":15,"column":1}},"line":6}},"branchMap":{},"s":{"0":0},"f":{"0":0},"b":{}}
,"E:\\temp\\SalonNow\\app\\(tabs)\\home.tsx": {"path":"E:\\temp\\SalonNow\\app\\(tabs)\\home.tsx","statementMap":{"0":{"start":{"line":11,"column":20},"end":{"line":36,"column":1}},"1":{"start":{"line":39,"column":2},"end":{"line":182,"column":4}},"2":{"start":{"line":142,"column":14},"end":{"line":147,"column":21}},"3":{"start":{"line":167,"column":14},"end":{"line":173,"column":16}}},"fnMap":{"0":{"name":"HomeScreen","decl":{"start":{"line":38,"column":24},"end":{"line":38,"column":34}},"loc":{"start":{"line":38,"column":37},"end":{"line":183,"column":1}},"line":38},"1":{"name":"(anonymous_1)","decl":{"start":{"line":141,"column":33},"end":{"line":141,"column":34}},"loc":{"start":{"line":142,"column":14},"end":{"line":147,"column":21}},"line":142},"2":{"name":"(anonymous_2)","decl":{"start":{"line":166,"column":29},"end":{"line":166,"column":30}},"loc":{"start":{"line":167,"column":14},"end":{"line":173,"column":16}},"line":167}},"branchMap":{},"s":{"0":1,"1":9,"2":27,"3":27},"f":{"0":9,"1":27,"2":27},"b":{},"_coverageSchema":"1a1c01bbd47fc00a2c39e90264f33305004495a9","hash":"58d8f6871816b372f8df7e5098a7bba7675c1950"}
,"E:\\temp\\SalonNow\\app\\(tabs)\\notifications.tsx": {"path":"E:\\temp\\SalonNow\\app\\(tabs)\\notifications.tsx","statementMap":{"0":{"start":{"line":7,"column":2},"end":{"line":14,"column":4}}},"fnMap":{"0":{"name":"NotificationsScreen","decl":{"start":{"line":6,"column":24},"end":{"line":6,"column":43}},"loc":{"start":{"line":6,"column":46},"end":{"line":15,"column":1}},"line":6}},"branchMap":{},"s":{"0":0},"f":{"0":0},"b":{}}
,"E:\\temp\\SalonNow\\app\\(tabs)\\profile.tsx": {"path":"E:\\temp\\SalonNow\\app\\(tabs)\\profile.tsx","statementMap":{"0":{"start":{"line":7,"column":2},"end":{"line":16,"column":4}}},"fnMap":{"0":{"name":"ProfileScreen","decl":{"start":{"line":6,"column":24},"end":{"line":6,"column":37}},"loc":{"start":{"line":6,"column":40},"end":{"line":17,"column":1}},"line":6}},"branchMap":{},"s":{"0":0},"f":{"0":0},"b":{}}
,"E:\\temp\\SalonNow\\components\\salon\\CategoryCard.tsx": {"path":"E:\\temp\\SalonNow\\components\\salon\\CategoryCard.tsx","statementMap":{"0":{"start":{"line":11,"column":37},"end":{"line":16,"column":1}},"1":{"start":{"line":19,"column":24},"end":{"line":19,"column":58}},"2":{"start":{"line":21,"column":2},"end":{"line":32,"column":4}}},"fnMap":{"0":{"name":"CategoryCard","decl":{"start":{"line":18,"column":16},"end":{"line":18,"column":28}},"loc":{"start":{"line":18,"column":71},"end":{"line":33,"column":1}},"line":18}},"branchMap":{"0":{"loc":{"start":{"line":19,"column":24},"end":{"line":19,"column":58}},"type":"binary-expr","locations":[{"start":{"line":19,"column":24},"end":{"line":19,"column":46}},{"start":{"line":19,"column":50},"end":{"line":19,"column":58}}],"line":19}},"s":{"0":0,"1":0,"2":0},"f":{"0":0},"b":{"0":[0,0]}}
,"E:\\temp\\SalonNow\\components\\salon\\HomeCategoryCard.tsx": {"path":"E:\\temp\\SalonNow\\components\\salon\\HomeCategoryCard.tsx","statementMap":{"0":{"start":{"line":10,"column":65},"end":{"line":36,"column":1}},"1":{"start":{"line":15,"column":2},"end":{"line":35,"column":4}}},"fnMap":{"0":{"name":"(anonymous_0)","decl":{"start":{"line":10,"column":65},"end":{"line":10,"column":66}},"loc":{"start":{"line":14,"column":6},"end":{"line":36,"column":1}},"line":14}},"branchMap":{},"s":{"0":0,"1":0},"f":{"0":0},"b":{}}
,"E:\\temp\\SalonNow\\components\\salon\\PromoCard.tsx": {"path":"E:\\temp\\SalonNow\\components\\salon\\PromoCard.tsx","statementMap":{"0":{"start":{"line":12,"column":51},"end":{"line":47,"column":1}},"1":{"start":{"line":19,"column":2},"end":{"line":46,"column":4}}},"fnMap":{"0":{"name":"(anonymous_0)","decl":{"start":{"line":12,"column":51},"end":{"line":12,"column":52}},"loc":{"start":{"line":18,"column":6},"end":{"line":47,"column":1}},"line":18}},"branchMap":{"0":{"loc":{"start":{"line":33,"column":11},"end":{"line":37,"column":11}},"type":"binary-expr","locations":[{"start":{"line":33,"column":11},"end":{"line":33,"column":19}},{"start":{"line":34,"column":12},"end":{"line":36,"column":19}}],"line":33}},"s":{"0":0,"1":0},"f":{"0":0},"b":{"0":[0,0]}}
,"E:\\temp\\SalonNow\\components\\salon\\SalonCard.tsx": {"path":"E:\\temp\\SalonNow\\components\\salon\\SalonCard.tsx","statementMap":{"0":{"start":{"line":10,"column":22},"end":{"line":14,"column":3}},"1":{"start":{"line":13,"column":4},"end":{"line":13,"column":48}},"2":{"start":{"line":16,"column":2},"end":{"line":38,"column":4}}},"fnMap":{"0":{"name":"SalonCard","decl":{"start":{"line":9,"column":16},"end":{"line":9,"column":25}},"loc":{"start":{"line":9,"column":53},"end":{"line":39,"column":1}},"line":9},"1":{"name":"(anonymous_1)","decl":{"start":{"line":10,"column":22},"end":{"line":10,"column":23}},"loc":{"start":{"line":10,"column":28},"end":{"line":14,"column":3}},"line":10}},"branchMap":{},"s":{"0":0,"1":0,"2":0},"f":{"0":0,"1":0},"b":{}}
,"E:\\temp\\SalonNow\\components\\salon\\SalonList.tsx": {"path":"E:\\temp\\SalonNow\\components\\salon\\SalonList.tsx","statementMap":{"0":{"start":{"line":14,"column":2},"end":{"line":16,"column":3}},"1":{"start":{"line":15,"column":4},"end":{"line":15,"column":42}},"2":{"start":{"line":18,"column":2},"end":{"line":24,"column":3}},"3":{"start":{"line":19,"column":4},"end":{"line":23,"column":6}},"4":{"start":{"line":26,"column":2},"end":{"line":33,"column":4}},"5":{"start":{"line":29,"column":32},"end":{"line":29,"column":58}},"6":{"start":{"line":30,"column":30},"end":{"line":30,"column":37}}},"fnMap":{"0":{"name":"SalonList","decl":{"start":{"line":13,"column":16},"end":{"line":13,"column":25}},"loc":{"start":{"line":13,"column":108},"end":{"line":34,"column":1}},"line":13},"1":{"name":"(anonymous_1)","decl":{"start":{"line":29,"column":18},"end":{"line":29,"column":19}},"loc":{"start":{"line":29,"column":32},"end":{"line":29,"column":58}},"line":29},"2":{"name":"(anonymous_2)","decl":{"start":{"line":30,"column":20},"end":{"line":30,"column":21}},"loc":{"start":{"line":30,"column":30},"end":{"line":30,"column":37}},"line":30}},"branchMap":{"0":{"loc":{"start":{"line":13,"column":47},"end":{"line":13,"column":88}},"type":"default-arg","locations":[{"start":{"line":13,"column":62},"end":{"line":13,"column":88}}],"line":13},"1":{"loc":{"start":{"line":14,"column":2},"end":{"line":16,"column":3}},"type":"if","locations":[{"start":{"line":14,"column":2},"end":{"line":16,"column":3}},{"start":{},"end":{}}],"line":14},"2":{"loc":{"start":{"line":18,"column":2},"end":{"line":24,"column":3}},"type":"if","locations":[{"start":{"line":18,"column":2},"end":{"line":24,"column":3}},{"start":{},"end":{}}],"line":18}},"s":{"0":0,"1":0,"2":0,"3":0,"4":0,"5":0,"6":0},"f":{"0":0,"1":0,"2":0},"b":{"0":[0],"1":[0,0],"2":[0,0]}}
,"E:\\temp\\SalonNow\\components\\salon\\SpecialistCard.tsx": {"path":"E:\\temp\\SalonNow\\components\\salon\\SpecialistCard.tsx","statementMap":{"0":{"start":{"line":13,"column":61},"end":{"line":55,"column":1}},"1":{"start":{"line":20,"column":2},"end":{"line":54,"column":4}},"2":{"start":{"line":38,"column":12},"end":{"line":43,"column":14}}},"fnMap":{"0":{"name":"(anonymous_0)","decl":{"start":{"line":13,"column":61},"end":{"line":13,"column":62}},"loc":{"start":{"line":19,"column":6},"end":{"line":55,"column":1}},"line":19},"1":{"name":"(anonymous_1)","decl":{"start":{"line":37,"column":29},"end":{"line":37,"column":30}},"loc":{"start":{"line":38,"column":12},"end":{"line":43,"column":14}},"line":38}},"branchMap":{"0":{"loc":{"start":{"line":16,"column":2},"end":{"line":16,"column":12}},"type":"default-arg","locations":[{"start":{"line":16,"column":11},"end":{"line":16,"column":12}}],"line":16},"1":{"loc":{"start":{"line":35,"column":7},"end":{"line":46,"column":7}},"type":"binary-expr","locations":[{"start":{"line":35,"column":7},"end":{"line":35,"column":17}},{"start":{"line":36,"column":8},"end":{"line":45,"column":15}}],"line":35},"2":{"loc":{"start":{"line":42,"column":20},"end":{"line":42,"column":51}},"type":"cond-expr","locations":[{"start":{"line":42,"column":33},"end":{"line":42,"column":42}},{"start":{"line":42,"column":45},"end":{"line":42,"column":51}}],"line":42}},"s":{"0":0,"1":0,"2":0},"f":{"0":0,"1":0},"b":{"0":[0],"1":[0,0],"2":[0,0]}}
,"E:\\temp\\SalonNow\\components\\salon\\index.ts": {"path":"E:\\temp\\SalonNow\\components\\salon\\index.ts","statementMap":{},"fnMap":{},"branchMap":{},"s":{},"f":{},"b":{}}
,"E:\\temp\\SalonNow\\components\\ui\\BottomNavigation.tsx": {"path":"E:\\temp\\SalonNow\\components\\ui\\BottomNavigation.tsx","statementMap":{"0":{"start":{"line":10,"column":65},"end":{"line":43,"column":1}},"1":{"start":{"line":14,"column":15},"end":{"line":19,"column":3}},"2":{"start":{"line":21,"column":2},"end":{"line":42,"column":4}},"3":{"start":{"line":24,"column":21},"end":{"line":24,"column":29}},"4":{"start":{"line":25,"column":25},"end":{"line":25,"column":45}},"5":{"start":{"line":27,"column":8},"end":{"line":39,"column":10}},"6":{"start":{"line":31,"column":27},"end":{"line":31,"column":47}}},"fnMap":{"0":{"name":"(anonymous_0)","decl":{"start":{"line":10,"column":65},"end":{"line":10,"column":66}},"loc":{"start":{"line":13,"column":6},"end":{"line":43,"column":1}},"line":13},"1":{"name":"(anonymous_1)","decl":{"start":{"line":23,"column":16},"end":{"line":23,"column":17}},"loc":{"start":{"line":23,"column":25},"end":{"line":40,"column":7}},"line":23},"2":{"name":"(anonymous_2)","decl":{"start":{"line":31,"column":21},"end":{"line":31,"column":22}},"loc":{"start":{"line":31,"column":27},"end":{"line":31,"column":47}},"line":31}},"branchMap":{"0":{"loc":{"start":{"line":11,"column":2},"end":{"line":11,"column":20}},"type":"default-arg","locations":[{"start":{"line":11,"column":14},"end":{"line":11,"column":20}}],"line":11},"1":{"loc":{"start":{"line":35,"column":21},"end":{"line":35,"column":53}},"type":"cond-expr","locations":[{"start":{"line":35,"column":32},"end":{"line":35,"column":41}},{"start":{"line":35,"column":44},"end":{"line":35,"column":53}}],"line":35},"2":{"loc":{"start":{"line":36,"column":27},"end":{"line":36,"column":45}},"type":"cond-expr","locations":[{"start":{"line":36,"column":38},"end":{"line":36,"column":41}},{"start":{"line":36,"column":44},"end":{"line":36,"column":45}}],"line":36}},"s":{"0":1,"1":0,"2":0,"3":0,"4":0,"5":0,"6":0},"f":{"0":0,"1":0,"2":0},"b":{"0":[0],"1":[0,0],"2":[0,0]},"_coverageSchema":"1a1c01bbd47fc00a2c39e90264f33305004495a9","hash":"3b0db282ae4cbf34ecf98784497a2db9022f7ea6"}
,"E:\\temp\\SalonNow\\components\\ui\\Button.tsx": {"path":"E:\\temp\\SalonNow\\components\\ui\\Button.tsx","statementMap":{"0":{"start":{"line":14,"column":45},"end":{"line":25,"column":1}},"1":{"start":{"line":15,"column":50},"end":{"line":19,"column":3}},"2":{"start":{"line":20,"column":2},"end":{"line":24,"column":4}}},"fnMap":{"0":{"name":"(anonymous_0)","decl":{"start":{"line":14,"column":45},"end":{"line":14,"column":46}},"loc":{"start":{"line":14,"column":121},"end":{"line":25,"column":1}},"line":14}},"branchMap":{"0":{"loc":{"start":{"line":14,"column":85},"end":{"line":14,"column":104}},"type":"default-arg","locations":[{"start":{"line":14,"column":95},"end":{"line":14,"column":104}}],"line":14},"1":{"loc":{"start":{"line":22,"column":7},"end":{"line":22,"column":72}},"type":"cond-expr","locations":[{"start":{"line":22,"column":18},"end":{"line":22,"column":26}},{"start":{"line":22,"column":29},"end":{"line":22,"column":72}}],"line":22}},"s":{"0":1,"1":0,"2":0},"f":{"0":0},"b":{"0":[0],"1":[0,0]},"_coverageSchema":"1a1c01bbd47fc00a2c39e90264f33305004495a9","hash":"e6170dc94db00e4dfb8a6a64cc2c61702bb38586"}
,"E:\\temp\\SalonNow\\components\\ui\\Card.tsx": {"path":"E:\\temp\\SalonNow\\components\\ui\\Card.tsx","statementMap":{"0":{"start":{"line":9,"column":24},"end":{"line":13,"column":3}},"1":{"start":{"line":15,"column":2},"end":{"line":19,"column":4}}},"fnMap":{"0":{"name":"Card","decl":{"start":{"line":8,"column":16},"end":{"line":8,"column":20}},"loc":{"start":{"line":8,"column":88},"end":{"line":20,"column":1}},"line":8}},"branchMap":{"0":{"loc":{"start":{"line":8,"column":23},"end":{"line":8,"column":42}},"type":"default-arg","locations":[{"start":{"line":8,"column":33},"end":{"line":8,"column":42}}],"line":8},"1":{"loc":{"start":{"line":16,"column":50},"end":{"line":16,"column":65}},"type":"binary-expr","locations":[{"start":{"line":16,"column":50},"end":{"line":16,"column":59}},{"start":{"line":16,"column":63},"end":{"line":16,"column":65}}],"line":16}},"s":{"0":0,"1":0},"f":{"0":0},"b":{"0":[0],"1":[0,0]},"_coverageSchema":"1a1c01bbd47fc00a2c39e90264f33305004495a9","hash":"f81429234f311861620312616f64fcdff4473e04"}
,"E:\\temp\\SalonNow\\components\\ui\\Input.tsx": {"path":"E:\\temp\\SalonNow\\components\\ui\\Input.tsx","statementMap":{"0":{"start":{"line":10,"column":2},"end":{"line":22,"column":4}}},"fnMap":{"0":{"name":"Input","decl":{"start":{"line":9,"column":16},"end":{"line":9,"column":21}},"loc":{"start":{"line":9,"column":73},"end":{"line":23,"column":1}},"line":9}},"branchMap":{"0":{"loc":{"start":{"line":12,"column":7},"end":{"line":12,"column":81}},"type":"binary-expr","locations":[{"start":{"line":12,"column":7},"end":{"line":12,"column":12}},{"start":{"line":12,"column":16},"end":{"line":12,"column":81}}],"line":12},"1":{"loc":{"start":{"line":15,"column":10},"end":{"line":15,"column":39}},"type":"cond-expr","locations":[{"start":{"line":15,"column":18},"end":{"line":15,"column":34}},{"start":{"line":15,"column":37},"end":{"line":15,"column":39}}],"line":15},"2":{"loc":{"start":{"line":16,"column":12},"end":{"line":16,"column":27}},"type":"binary-expr","locations":[{"start":{"line":16,"column":12},"end":{"line":16,"column":21}},{"start":{"line":16,"column":25},"end":{"line":16,"column":27}}],"line":16},"3":{"loc":{"start":{"line":20,"column":7},"end":{"line":20,"column":74}},"type":"binary-expr","locations":[{"start":{"line":20,"column":7},"end":{"line":20,"column":12}},{"start":{"line":20,"column":16},"end":{"line":20,"column":74}}],"line":20}},"s":{"0":0},"f":{"0":0},"b":{"0":[0,0],"1":[0,0],"2":[0,0],"3":[0,0]},"_coverageSchema":"1a1c01bbd47fc00a2c39e90264f33305004495a9","hash":"fdaae96b7781bcfd0d1281724dd19767cdade851"}
,"E:\\temp\\SalonNow\\components\\ui\\Loading.tsx": {"path":"E:\\temp\\SalonNow\\components\\ui\\Loading.tsx","statementMap":{"0":{"start":{"line":12,"column":4},"end":{"line":15,"column":7}},"1":{"start":{"line":18,"column":2},"end":{"line":24,"column":3}},"2":{"start":{"line":19,"column":4},"end":{"line":23,"column":6}},"3":{"start":{"line":26,"column":2},"end":{"line":26,"column":77}}},"fnMap":{"0":{"name":"Loading","decl":{"start":{"line":10,"column":16},"end":{"line":10,"column":23}},"loc":{"start":{"line":10,"column":70},"end":{"line":27,"column":1}},"line":10}},"branchMap":{"0":{"loc":{"start":{"line":10,"column":35},"end":{"line":10,"column":52}},"type":"default-arg","locations":[{"start":{"line":10,"column":48},"end":{"line":10,"column":52}}],"line":10},"1":{"loc":{"start":{"line":14,"column":7},"end":{"line":14,"column":83}},"type":"binary-expr","locations":[{"start":{"line":14,"column":7},"end":{"line":14,"column":14}},{"start":{"line":14,"column":18},"end":{"line":14,"column":83}}],"line":14},"2":{"loc":{"start":{"line":18,"column":2},"end":{"line":24,"column":3}},"type":"if","locations":[{"start":{"line":18,"column":2},"end":{"line":24,"column":3}},{"start":{},"end":{}}],"line":18}},"s":{"0":0,"1":0,"2":0,"3":0},"f":{"0":0},"b":{"0":[0],"1":[0,0],"2":[0,0]},"_coverageSchema":"1a1c01bbd47fc00a2c39e90264f33305004495a9","hash":"13456a379089ddc0b4f0f09d13fb7352ef109b40"}
,"E:\\temp\\SalonNow\\components\\ui\\PaginationDots.tsx": {"path":"E:\\temp\\SalonNow\\components\\ui\\PaginationDots.tsx","statementMap":{"0":{"start":{"line":10,"column":61},"end":{"line":38,"column":1}},"1":{"start":{"line":15,"column":2},"end":{"line":37,"column":4}},"2":{"start":{"line":18,"column":8},"end":{"line":34,"column":27}},"3":{"start":{"line":20,"column":25},"end":{"line":20,"column":44}}},"fnMap":{"0":{"name":"(anonymous_0)","decl":{"start":{"line":10,"column":61},"end":{"line":10,"column":62}},"loc":{"start":{"line":14,"column":6},"end":{"line":38,"column":1}},"line":14},"1":{"name":"(anonymous_1)","decl":{"start":{"line":17,"column":34},"end":{"line":17,"column":35}},"loc":{"start":{"line":18,"column":8},"end":{"line":34,"column":27}},"line":18},"2":{"name":"(anonymous_2)","decl":{"start":{"line":20,"column":19},"end":{"line":20,"column":20}},"loc":{"start":{"line":20,"column":25},"end":{"line":20,"column":44}},"line":20}},"branchMap":{"0":{"loc":{"start":{"line":24,"column":29},"end":{"line":24,"column":75}},"type":"cond-expr","locations":[{"start":{"line":24,"column":54},"end":{"line":24,"column":63}},{"start":{"line":24,"column":66},"end":{"line":24,"column":75}}],"line":24},"1":{"loc":{"start":{"line":31,"column":31},"end":{"line":31,"column":75}},"type":"cond-expr","locations":[{"start":{"line":31,"column":56},"end":{"line":31,"column":63}},{"start":{"line":31,"column":66},"end":{"line":31,"column":75}}],"line":31}},"s":{"0":1,"1":26,"2":104,"3":0},"f":{"0":26,"1":104,"2":0},"b":{"0":[26,78],"1":[26,78]},"_coverageSchema":"1a1c01bbd47fc00a2c39e90264f33305004495a9","hash":"ec3497e8cf8460969406060c64945f6d4aa4b5c3"}
,"E:\\temp\\SalonNow\\components\\ui\\StatusBar.tsx": {"path":"E:\\temp\\SalonNow\\components\\ui\\StatusBar.tsx","statementMap":{"0":{"start":{"line":9,"column":51},"end":{"line":20,"column":1}},"1":{"start":{"line":10,"column":2},"end":{"line":19,"column":4}}},"fnMap":{"0":{"name":"(anonymous_0)","decl":{"start":{"line":9,"column":51},"end":{"line":9,"column":52}},"loc":{"start":{"line":9,"column":74},"end":{"line":20,"column":1}},"line":9}},"branchMap":{"0":{"loc":{"start":{"line":9,"column":54},"end":{"line":9,"column":67}},"type":"default-arg","locations":[{"start":{"line":9,"column":61},"end":{"line":9,"column":67}}],"line":9}},"s":{"0":1,"1":0},"f":{"0":0},"b":{"0":[0]},"_coverageSchema":"1a1c01bbd47fc00a2c39e90264f33305004495a9","hash":"97fea571854d6e12142f325fa368abcbd1bc865a"}
,"E:\\temp\\SalonNow\\components\\ui\\index.ts": {"path":"E:\\temp\\SalonNow\\components\\ui\\index.ts","statementMap":{},"fnMap":{},"branchMap":{},"s":{},"f":{},"b":{},"_coverageSchema":"1a1c01bbd47fc00a2c39e90264f33305004495a9","hash":"1411b8a8127b41cd2a8ffffa4c30139b8f139360"}
,"E:\\temp\\SalonNow\\utils\\asyncStorage.tsx": {"path":"E:\\temp\\SalonNow\\utils\\asyncStorage.tsx","statementMap":{"0":{"start":{"line":6,"column":25},"end":{"line":12,"column":1}},"1":{"start":{"line":7,"column":2},"end":{"line":11,"column":3}},"2":{"start":{"line":8,"column":4},"end":{"line":8,"column":43}},"3":{"start":{"line":10,"column":4},"end":{"line":10,"column":41}},"4":{"start":{"line":14,"column":23},"end":{"line":21,"column":1}},"5":{"start":{"line":15,"column":2},"end":{"line":20,"column":3}},"6":{"start":{"line":16,"column":18},"end":{"line":16,"column":49}},"7":{"start":{"line":17,"column":4},"end":{"line":17,"column":17}},"8":{"start":{"line":19,"column":4},"end":{"line":19,"column":41}},"9":{"start":{"line":23,"column":26},"end":{"line":30,"column":1}},"10":{"start":{"line":24,"column":2},"end":{"line":28,"column":3}},"11":{"start":{"line":25,"column":4},"end":{"line":25,"column":39}},"12":{"start":{"line":27,"column":4},"end":{"line":27,"column":42}},"13":{"start":{"line":29,"column":2},"end":{"line":29,"column":23}}},"fnMap":{"0":{"name":"(anonymous_0)","decl":{"start":{"line":6,"column":25},"end":{"line":6,"column":26}},"loc":{"start":{"line":6,"column":63},"end":{"line":12,"column":1}},"line":6},"1":{"name":"(anonymous_1)","decl":{"start":{"line":14,"column":23},"end":{"line":14,"column":24}},"loc":{"start":{"line":14,"column":46},"end":{"line":21,"column":1}},"line":14},"2":{"name":"(anonymous_2)","decl":{"start":{"line":23,"column":26},"end":{"line":23,"column":27}},"loc":{"start":{"line":23,"column":49},"end":{"line":30,"column":1}},"line":23}},"branchMap":{},"s":{"0":0,"1":0,"2":0,"3":0,"4":0,"5":0,"6":0,"7":0,"8":0,"9":0,"10":0,"11":0,"12":0,"13":0},"f":{"0":0,"1":0,"2":0},"b":{}}
}
