TN:
SF:app\_layout.tsx
FN:5,RootLayout
FNF:1
FNH:0
FNDA:0,RootLayout
DA:6,0
LF:1
LH:0
BRF:0
BRH:0
end_of_record
TN:
SF:app\index.tsx
FN:7,Index
FN:8,(anonymous_1)
FN:12,(anonymous_2)
FNF:3
FNH:0
FNDA:0,Index
FNDA:0,(anonymous_1)
FNDA:0,(anonymous_2)
DA:8,0
DA:9,0
DA:12,0
DA:13,0
DA:14,0
DA:16,0
DA:18,0
DA:21,0
DA:24,0
DA:26,0
DA:31,0
LF:11
LH:0
BRDA:16,0,0,0
BRDA:16,0,1,0
BRF:2
BRH:0
end_of_record
TN:
SF:app\onboarding.tsx
FN:42,OnboardingScreen
FN:46,(anonymous_1)
FN:51,(anonymous_2)
FN:56,(anonymous_3)
FN:64,(anonymous_4)
FN:73,(anonymous_5)
FN:84,(anonymous_6)
FN:127,(anonymous_7)
FN:157,(anonymous_8)
FNF:9
FNH:8
FNDA:26,OnboardingScreen
FNDA:2,(anonymous_1)
FNDA:4,(anonymous_2)
FNDA:18,(anonymous_3)
FNDA:16,(anonymous_4)
FNDA:0,(anonymous_5)
FNDA:104,(anonymous_6)
FNDA:10,(anonymous_7)
FNDA:124,(anonymous_8)
DA:16,1
DA:19,1
DA:20,1
DA:23,1
DA:43,26
DA:44,26
DA:46,26
DA:47,2
DA:48,2
DA:51,26
DA:52,4
DA:53,4
DA:56,26
DA:57,18
DA:58,16
DA:60,2
DA:64,26
DA:65,16
DA:69,16
DA:72,26
DA:74,0
DA:75,0
DA:80,26
DA:84,26
DA:85,104
DA:127,26
DA:133,26
DA:157,124
LF:28
LH:26
BRDA:20,0,0,1
BRDA:20,0,1,1
BRDA:24,1,0,0
BRDA:24,1,1,1
BRDA:24,2,0,0
BRDA:24,2,1,1
BRDA:25,3,0,0
BRDA:25,3,1,1
BRDA:25,4,0,0
BRDA:25,4,1,1
BRDA:27,5,0,0
BRDA:27,5,1,1
BRDA:29,6,0,0
BRDA:29,6,1,1
BRDA:29,7,0,0
BRDA:29,7,1,1
BRDA:30,8,0,0
BRDA:30,8,1,1
BRDA:30,9,0,0
BRDA:30,9,1,1
BRDA:31,10,0,0
BRDA:31,10,1,1
BRDA:31,11,0,0
BRDA:31,11,1,1
BRDA:32,12,0,0
BRDA:32,12,1,1
BRDA:32,13,0,0
BRDA:32,13,1,1
BRDA:34,14,0,0
BRDA:34,14,1,1
BRDA:34,15,0,0
BRDA:34,15,1,1
BRDA:35,16,0,0
BRDA:35,16,1,1
BRDA:35,17,0,0
BRDA:35,17,1,1
BRDA:36,18,0,0
BRDA:36,18,1,1
BRDA:36,19,0,0
BRDA:36,19,1,1
BRDA:38,20,0,0
BRDA:38,20,1,1
BRDA:38,21,0,0
BRDA:38,21,1,1
BRDA:39,22,0,0
BRDA:39,22,1,1
BRDA:39,23,0,0
BRDA:39,23,1,1
BRDA:57,24,0,16
BRDA:57,24,1,2
BRDA:74,25,0,0
BRDA:74,25,1,0
BRDA:74,26,0,0
BRDA:74,26,1,0
BRDA:190,27,0,5
BRDA:190,27,1,21
BRDA:198,28,0,21
BRDA:198,28,1,5
BRF:58
BRH:31
end_of_record
TN:
SF:app\(tabs)\_layout.tsx
FN:5,TabLayout
FN:29,(anonymous_1)
FN:38,(anonymous_2)
FN:47,(anonymous_3)
FN:56,(anonymous_4)
FNF:5
FNH:0
FNDA:0,TabLayout
FNDA:0,(anonymous_1)
FNDA:0,(anonymous_2)
FNDA:0,(anonymous_3)
FNDA:0,(anonymous_4)
DA:6,0
DA:30,0
DA:39,0
DA:48,0
DA:57,0
LF:5
LH:0
BRF:0
BRH:0
end_of_record
TN:
SF:app\(tabs)\bookings.tsx
FN:6,BookingsScreen
FNF:1
FNH:0
FNDA:0,BookingsScreen
DA:7,0
LF:1
LH:0
BRF:0
BRH:0
end_of_record
TN:
SF:app\(tabs)\home.tsx
FN:38,HomeScreen
FN:141,(anonymous_1)
FN:166,(anonymous_2)
FNF:3
FNH:3
FNDA:9,HomeScreen
FNDA:27,(anonymous_1)
FNDA:27,(anonymous_2)
DA:11,1
DA:39,9
DA:142,27
DA:167,27
LF:4
LH:4
BRF:0
BRH:0
end_of_record
TN:
SF:app\(tabs)\notifications.tsx
FN:6,NotificationsScreen
FNF:1
FNH:0
FNDA:0,NotificationsScreen
DA:7,0
LF:1
LH:0
BRF:0
BRH:0
end_of_record
TN:
SF:app\(tabs)\profile.tsx
FN:6,ProfileScreen
FNF:1
FNH:0
FNDA:0,ProfileScreen
DA:7,0
LF:1
LH:0
BRF:0
BRH:0
end_of_record
TN:
SF:components\salon\CategoryCard.tsx
FN:18,CategoryCard
FNF:1
FNH:0
FNDA:0,CategoryCard
DA:11,0
DA:19,0
DA:21,0
LF:3
LH:0
BRDA:19,0,0,0
BRDA:19,0,1,0
BRF:2
BRH:0
end_of_record
TN:
SF:components\salon\HomeCategoryCard.tsx
FN:10,(anonymous_0)
FNF:1
FNH:0
FNDA:0,(anonymous_0)
DA:10,0
DA:15,0
LF:2
LH:0
BRF:0
BRH:0
end_of_record
TN:
SF:components\salon\PromoCard.tsx
FN:12,(anonymous_0)
FNF:1
FNH:0
FNDA:0,(anonymous_0)
DA:12,0
DA:19,0
LF:2
LH:0
BRDA:33,0,0,0
BRDA:33,0,1,0
BRF:2
BRH:0
end_of_record
TN:
SF:components\salon\SalonCard.tsx
FN:9,SalonCard
FN:10,(anonymous_1)
FNF:2
FNH:0
FNDA:0,SalonCard
FNDA:0,(anonymous_1)
DA:10,0
DA:13,0
DA:16,0
LF:3
LH:0
BRF:0
BRH:0
end_of_record
TN:
SF:components\salon\SalonList.tsx
FN:13,SalonList
FN:29,(anonymous_1)
FN:30,(anonymous_2)
FNF:3
FNH:0
FNDA:0,SalonList
FNDA:0,(anonymous_1)
FNDA:0,(anonymous_2)
DA:14,0
DA:15,0
DA:18,0
DA:19,0
DA:26,0
DA:29,0
DA:30,0
LF:7
LH:0
BRDA:13,0,0,0
BRDA:14,1,0,0
BRDA:14,1,1,0
BRDA:18,2,0,0
BRDA:18,2,1,0
BRF:5
BRH:0
end_of_record
TN:
SF:components\salon\SpecialistCard.tsx
FN:13,(anonymous_0)
FN:37,(anonymous_1)
FNF:2
FNH:0
FNDA:0,(anonymous_0)
FNDA:0,(anonymous_1)
DA:13,0
DA:20,0
DA:38,0
LF:3
LH:0
BRDA:16,0,0,0
BRDA:35,1,0,0
BRDA:35,1,1,0
BRDA:42,2,0,0
BRDA:42,2,1,0
BRF:5
BRH:0
end_of_record
TN:
SF:components\salon\index.ts
FNF:0
FNH:0
LF:0
LH:0
BRF:0
BRH:0
end_of_record
TN:
SF:components\ui\BottomNavigation.tsx
FN:10,(anonymous_0)
FN:23,(anonymous_1)
FN:31,(anonymous_2)
FNF:3
FNH:0
FNDA:0,(anonymous_0)
FNDA:0,(anonymous_1)
FNDA:0,(anonymous_2)
DA:10,1
DA:14,0
DA:21,0
DA:24,0
DA:25,0
DA:27,0
DA:31,0
LF:7
LH:1
BRDA:11,0,0,0
BRDA:35,1,0,0
BRDA:35,1,1,0
BRDA:36,2,0,0
BRDA:36,2,1,0
BRF:5
BRH:0
end_of_record
TN:
SF:components\ui\Button.tsx
FN:14,(anonymous_0)
FNF:1
FNH:0
FNDA:0,(anonymous_0)
DA:14,1
DA:15,0
DA:20,0
LF:3
LH:1
BRDA:14,0,0,0
BRDA:22,1,0,0
BRDA:22,1,1,0
BRF:3
BRH:0
end_of_record
TN:
SF:components\ui\Card.tsx
FN:8,Card
FNF:1
FNH:0
FNDA:0,Card
DA:9,0
DA:15,0
LF:2
LH:0
BRDA:8,0,0,0
BRDA:16,1,0,0
BRDA:16,1,1,0
BRF:3
BRH:0
end_of_record
TN:
SF:components\ui\Input.tsx
FN:9,Input
FNF:1
FNH:0
FNDA:0,Input
DA:10,0
LF:1
LH:0
BRDA:12,0,0,0
BRDA:12,0,1,0
BRDA:15,1,0,0
BRDA:15,1,1,0
BRDA:16,2,0,0
BRDA:16,2,1,0
BRDA:20,3,0,0
BRDA:20,3,1,0
BRF:8
BRH:0
end_of_record
TN:
SF:components\ui\Loading.tsx
FN:10,Loading
FNF:1
FNH:0
FNDA:0,Loading
DA:12,0
DA:18,0
DA:19,0
DA:26,0
LF:4
LH:0
BRDA:10,0,0,0
BRDA:14,1,0,0
BRDA:14,1,1,0
BRDA:18,2,0,0
BRDA:18,2,1,0
BRF:5
BRH:0
end_of_record
TN:
SF:components\ui\PaginationDots.tsx
FN:10,(anonymous_0)
FN:17,(anonymous_1)
FN:20,(anonymous_2)
FNF:3
FNH:2
FNDA:26,(anonymous_0)
FNDA:104,(anonymous_1)
FNDA:0,(anonymous_2)
DA:10,1
DA:15,26
DA:18,104
DA:20,0
LF:4
LH:3
BRDA:24,0,0,26
BRDA:24,0,1,78
BRDA:31,1,0,26
BRDA:31,1,1,78
BRF:4
BRH:4
end_of_record
TN:
SF:components\ui\StatusBar.tsx
FN:9,(anonymous_0)
FNF:1
FNH:0
FNDA:0,(anonymous_0)
DA:9,1
DA:10,0
LF:2
LH:1
BRDA:9,0,0,0
BRF:1
BRH:0
end_of_record
TN:
SF:components\ui\index.ts
FNF:0
FNH:0
LF:0
LH:0
BRF:0
BRH:0
end_of_record
TN:
SF:utils\asyncStorage.tsx
FN:6,(anonymous_0)
FN:14,(anonymous_1)
FN:23,(anonymous_2)
FNF:3
FNH:0
FNDA:0,(anonymous_0)
FNDA:0,(anonymous_1)
FNDA:0,(anonymous_2)
DA:6,0
DA:7,0
DA:8,0
DA:10,0
DA:14,0
DA:15,0
DA:16,0
DA:17,0
DA:19,0
DA:23,0
DA:24,0
DA:25,0
DA:27,0
DA:29,0
LF:14
LH:0
BRF:0
BRH:0
end_of_record
