TN:
SF:app\(tabs)\home.tsx
FN:32,(anonymous_0)
FN:36,(anonymous_1)
FN:39,(anonymous_2)
FN:44,(anonymous_3)
FN:48,(anonymous_4)
FN:51,(anonymous_5)
FN:56,HomeScreen
FN:65,(anonymous_7)
FN:66,(anonymous_8)
FN:71,(anonymous_9)
FN:84,(anonymous_10)
FN:105,(anonymous_11)
FN:109,(anonymous_12)
FN:113,(anonymous_13)
FN:117,(anonymous_14)
FN:122,(anonymous_15)
FN:140,(anonymous_16)
FN:163,(anonymous_17)
FN:242,(anonymous_18)
FN:247,(anonymous_19)
FN:273,(anonymous_20)
FNF:21
FNH:21
FNDA:4,(anonymous_0)
FNDA:12,(anonymous_1)
FNDA:5,(anonymous_2)
FNDA:4,(anonymous_3)
FNDA:12,(anonymous_4)
FNDA:4,(anonymous_5)
FNDA:40,HomeScreen
FNDA:32,(anonymous_7)
FNDA:32,(anonymous_8)
FNDA:5,(anonymous_9)
FNDA:4,(anonymous_10)
FNDA:1,(anonymous_11)
FNDA:1,(anonymous_12)
FNDA:1,(anonymous_13)
FNDA:2,(anonymous_14)
FNDA:1,(anonymous_15)
FNDA:1,(anonymous_16)
FNDA:1,(anonymous_17)
FNDA:125,(anonymous_18)
FNDA:1,(anonymous_19)
FNDA:124,(anonymous_20)
DA:32,1
DA:33,4
DA:36,12
DA:39,5
DA:41,4
DA:44,1
DA:45,4
DA:48,12
DA:51,4
DA:53,4
DA:57,40
DA:58,40
DA:61,40
DA:62,40
DA:65,40
DA:66,32
DA:67,32
DA:69,32
DA:70,31
DA:71,5
DA:77,4
DA:82,31
DA:83,31
DA:84,4
DA:92,4
DA:96,1
DA:101,32
DA:104,40
DA:105,40
DA:106,1
DA:109,40
DA:110,1
DA:113,40
DA:114,1
DA:117,40
DA:119,2
DA:122,40
DA:123,1
DA:126,40
DA:140,1
DA:163,1
DA:243,125
DA:247,1
DA:274,124
LF:44
LH:44
BRDA:70,0,0,4
BRDA:70,0,1,27
BRDA:70,1,0,31
BRDA:70,1,1,30
BRDA:70,1,2,30
BRDA:72,2,0,5
BRDA:72,2,1,2
BRDA:74,3,0,5
BRDA:74,3,1,3
BRDA:74,3,2,2
BRDA:83,4,0,4
BRDA:83,4,1,27
BRDA:83,5,0,31
BRDA:83,5,1,30
BRDA:83,5,2,30
BRDA:85,6,0,4
BRDA:85,6,1,1
BRDA:87,7,0,4
BRDA:87,7,1,2
BRDA:87,7,2,1
BRDA:88,8,0,4
BRDA:88,8,1,3
BRDA:89,9,0,4
BRDA:89,9,1,3
BRDA:150,10,0,35
BRDA:150,10,1,5
BRDA:155,11,0,35
BRDA:155,11,1,5
BRDA:155,12,0,5
BRDA:155,12,1,1
BRDA:163,13,0,35
BRDA:163,13,1,5
BRDA:168,14,0,35
BRDA:168,14,1,5
BRDA:173,15,0,35
BRDA:173,15,1,5
BRDA:177,16,0,5
BRDA:177,16,1,2
BRF:38
BRH:38
end_of_record
